<?xml version="1.0" encoding="UTF-8"?>
<testsuite name="ru.stqa.pft.addressbook.GroupCreationTest" tests="1" skipped="0" failures="0" errors="0" timestamp="2020-12-25T17:46:49" hostname="DESKTOP-G3MFAMG" time="1.276">
  <properties/>
  <testcase name="testGroupCreation" classname="ru.stqa.pft.addressbook.GroupCreationTest" time="1.276"/>
  <system-out><![CDATA[]]></system-out>
  <system-err><![CDATA[1608918405993	geckodriver	INFO	Listening on 127.0.0.1:11552
1608918406604	mozrunner::runner	INFO	Running command: "C:\\Program Files\\Mozilla Firefox\\firefox.exe" "--marionette" "-foreground" "-no-remote" "-profile" "C:\\Users\\stasz\\AppData\\Local\\Temp\\rust_mozprofileg2VWQp"
Can't find symbol 'eglSwapBuffersWithDamageEXT'.
Can't find symbol 'eglSetDamageRegionKHR'.
console.warn: SearchSettings: "get: No settings file exists, new profile?" (new Error("", "(unknown module)"))
1608918408691	Marionette	INFO	Listening on port 54206
1608918408775	Marionette	WARN	TLS certificate errors will be ignored for this session
Dec 25, 2020 12:46:48 PM org.openqa.selenium.remote.ProtocolHandshake createSession
INFO: Detected dialect: W3C
]]></system-err>
</testsuite>
